<?xml version="1.0" encoding="UTF-8"?>
<!-- Generated by org.testng.reporters.JUnitReportReporter -->
<testsuite name="testCaseFiles.LoginPageValidation" tests="1" time="13.805" ignored="0" failures="0" timestamp="10 Oct 2017 21:03:22 GMT" skipped="0" hostname="LCH-16-Prashant" errors="0">
  <testcase name="NavigateBaseUrl" time="13.805" classname="testCaseFiles.LoginPageValidation"/>
</testsuite> <!-- testCaseFiles.LoginPageValidation -->
