<?xml version="1.0" encoding="UTF-8"?>
<!-- Generated by org.testng.reporters.JUnitReportReporter -->
<testsuite name="example_test.GetLinkOfThePage" tests="1" time="34.313" ignored="0" failures="0" timestamp="08 Oct 2017 19:57:10 GMT" skipped="0" hostname="LCH-16-Prashant" errors="0">
  <testcase name="DragandDrop" time="34.313" classname="example_test.GetLinkOfThePage"/>
</testsuite> <!-- example_test.GetLinkOfThePage -->
