<?xml version="1.0" encoding="UTF-8"?>
<!-- Generated by org.testng.reporters.JUnitReportReporter -->
<testsuite name="example_test.ValidationMethods" tests="1" time="25.520" ignored="0" failures="0" timestamp="08 Oct 2017 14:54:33 GMT" skipped="0" hostname="LCH-16-Prashant" errors="0">
  <testcase name="GetAllRadioButton" time="25.520" classname="example_test.ValidationMethods"/>
</testsuite> <!-- example_test.ValidationMethods -->
