<?xml version="1.0" encoding="UTF-8"?>
<!-- Generated by org.testng.reporters.JUnitReportReporter -->
<testsuite name="example_test.JavaAlert" tests="1" time="23.804" ignored="0" failures="0" timestamp="08 Oct 2017 11:55:07 GMT" skipped="0" hostname="LCH-16-Prashant" errors="0">
  <testcase name="GetAllRadioButton" time="23.804" classname="example_test.JavaAlert"/>
</testsuite> <!-- example_test.JavaAlert -->
