<?xml version="1.0" encoding="UTF-8"?>
<!-- Generated by org.testng.reporters.JUnitReportReporter -->
<testsuite name="example_test.DependencyAnnotation" tests="6" time="0.042" ignored="1" failures="0" timestamp="07 Oct 2017 16:50:52 GMT" skipped="0" hostname="LCH-16-Prashant" errors="0">
  <testcase name="MySixthTest" time="0.006" classname="example_test.DependencyAnnotation"/>
  <testcase name="MySeventhTest" time="0.001" classname="example_test.DependencyAnnotation"/>
  <testcase name="MyFirstTest" time="0.003" classname="example_test.DependencyAnnotation"/>
  <testcase name="MyThirdTest" time="0.003" classname="example_test.DependencyAnnotation"/>
  <testcase name="MyFifthTest" time="0.025" classname="example_test.DependencyAnnotation"/>
  <testcase name="MySecondTest" time="0.004" classname="example_test.DependencyAnnotation"/>
  <testcase name="MyFourthTest" classname="example_test.DependencyAnnotation">
    <skipped/>
  </testcase> <!-- MyFourthTest -->
</testsuite> <!-- example_test.DependencyAnnotation -->
