<?xml version="1.0" encoding="UTF-8"?>
<!-- Generated by org.testng.reporters.JUnitReportReporter -->
<testsuite name="example_test.FramesTest" tests="1" time="20.805" ignored="0" failures="0" timestamp="08 Oct 2017 18:52:18 GMT" skipped="0" hostname="LCH-16-Prashant" errors="0">
  <testcase name="DragandDrop" time="20.805" classname="example_test.FramesTest"/>
</testsuite> <!-- example_test.FramesTest -->
