<?xml version="1.0" encoding="UTF-8"?>
<!-- Generated by org.testng.reporters.JUnitReportReporter -->
<testsuite name="testCaseFiles.LoginPageValidation" tests="1" time="27.147" ignored="0" failures="0" timestamp="14 Oct 2017 10:34:34 GMT" skipped="0" hostname="LCH-16-Prashant" errors="0">
  <testcase name="NavigateBaseUrl" time="27.147" classname="testCaseFiles.LoginPageValidation"/>
</testsuite> <!-- testCaseFiles.LoginPageValidation -->
