<?xml version="1.0" encoding="UTF-8"?>
<!-- Generated by org.testng.reporters.JUnitReportReporter -->
<testsuite name="com.dataProvider.TestNgExample" tests="1" time="34.136" ignored="0" failures="0" timestamp="07 Oct 2017 20:41:15 GMT" skipped="0" hostname="LCH-16-Prashant" errors="0">
  <testcase name="BeforeTest" time="34.136" classname="com.dataProvider.TestNgExample"/>
</testsuite> <!-- com.dataProvider.TestNgExample -->
