<?xml version="1.0" encoding="UTF-8"?>
<!-- Generated by org.testng.reporters.JUnitReportReporter -->
<testsuite name="example_test.TestNgExample" tests="2" time="0.056" ignored="0" failures="0" timestamp="07 Oct 2017 13:57:42 GMT" skipped="0" hostname="LCH-16-Prashant" errors="0">
  <testcase name="MySecondTest" time="0.010" classname="example_test.TestNgExample"/>
  <testcase name="MyFirstTest" time="0.046" classname="example_test.TestNgExample"/>
</testsuite> <!-- example_test.TestNgExample -->
