<?xml version="1.0" encoding="UTF-8"?>
<!-- Generated by org.testng.reporters.JUnitReportReporter -->
<testsuite name="example_test.MultipleWindow" tests="1" time="66.152" ignored="0" failures="0" timestamp="08 Oct 2017 18:27:55 GMT" skipped="0" hostname="LCH-16-Prashant" errors="0">
  <testcase name="GetAllRadioButton" time="66.152" classname="example_test.MultipleWindow"/>
</testsuite> <!-- example_test.MultipleWindow -->
