<?xml version="1.0" encoding="UTF-8"?>
<!-- Generated by org.testng.reporters.JUnitReportReporter -->
<testsuite name="example_test.TestNgExample" tests="2" time="0.030" ignored="2" failures="0" timestamp="07 Oct 2017 17:56:32 GMT" skipped="0" hostname="LCH-16-Prashant" errors="0">
  <testcase name="afterClass" time="0.024" classname="example_test.TestNgExample"/>
  <testcase name="MyFirstTest" time="0.006" classname="example_test.TestNgExample"/>
  <testcase name="MyThirdTest" classname="example_test.TestNgExample">
    <skipped/>
  </testcase> <!-- MyThirdTest -->
  <testcase name="MySecondTest" classname="example_test.TestNgExample">
    <skipped/>
  </testcase> <!-- MySecondTest -->
</testsuite> <!-- example_test.TestNgExample -->
