<?xml version="1.0" encoding="UTF-8"?>
<!-- Generated by org.testng.reporters.JUnitReportReporter -->
<testsuite name="example_test.ActionClass" tests="1" time="22.482" ignored="0" failures="0" timestamp="08 Oct 2017 17:55:45 GMT" skipped="0" hostname="LCH-16-Prashant" errors="0">
  <testcase name="ActionExample" time="22.482" classname="example_test.ActionClass"/>
</testsuite> <!-- example_test.ActionClass -->
