<?xml version="1.0" encoding="UTF-8"?>
<!-- Generated by org.testng.reporters.JUnitReportReporter -->
<testsuite name="example_test.SecondPack.DependencyAnnotation" tests="6" time="0.028" ignored="2" failures="0" timestamp="07 Oct 2017 16:48:53 GMT" skipped="0" hostname="LCH-16-Prashant" errors="0">
  <testcase name="MySixthTest" time="0.002" classname="example_test.SecondPack.DependencyAnnotation"/>
  <testcase name="MyThirdTest" time="0.002" classname="example_test.SecondPack.DependencyAnnotation"/>
  <testcase name="MyFifthTest" time="0.021" classname="example_test.SecondPack.DependencyAnnotation"/>
  <testcase name="MySecondTest" time="0.001" classname="example_test.SecondPack.DependencyAnnotation"/>
  <testcase name="MyFirstTest" time="0.001" classname="example_test.SecondPack.DependencyAnnotation"/>
  <testcase name="MySeventhTest" time="0.001" classname="example_test.SecondPack.DependencyAnnotation"/>
  <testcase name="MyFourthTest" classname="example_test.DependencyAnnotation">
    <skipped/>
  </testcase> <!-- MyFourthTest -->
  <testcase name="MyFourthTest" classname="example_test.SecondPack.DependencyAnnotation">
    <skipped/>
  </testcase> <!-- MyFourthTest -->
</testsuite> <!-- example_test.SecondPack.DependencyAnnotation -->
